#
# A fatal error has been detected by the Java Runtime Environment:
#
#  SIGSEGV (0xb) at pc=0x000000010e30ad67, pid=2007, tid=58887
#
# JRE version: Java(TM) SE Runtime Environment (8.0_51-b16) (build 1.8.0_51-b16)
# Java VM: Java HotSpot(TM) 64-Bit Server VM (25.51-b03 mixed mode bsd-amd64 compressed oops)
# Problematic frame:
# C  [libawt_lwawt.dylib+0x1ad67]  OGLSD_SetScratchSurface+0x49
#
# Failed to write core dump. Core dumps have been disabled. To enable core dumping, try "ulimit -c unlimited" before starting Java again
#
# If you would like to submit a bug report, please visit:
#   http://bugreport.java.com/bugreport/crash.jsp
# The crash happened outside the Java Virtual Machine in native code.
# See problematic frame for where to report the bug.
#

---------------  T H R E A D  ---------------

Current thread (0x00007ff6b0069000):  JavaThread "Java2D Queue Flusher" daemon [_thread_in_native, id=58887, stack(0x00007000048e0000,0x00007000049e0000)]

siginfo: si_signo: 11 (SIGSEGV), si_code: 1 (SEGV_MAPERR), si_addr: 0x0000000000000002

Registers:
RAX=0x00000000ffffffff, RBX=0x0000000000000002, RCX=0x0000000000000047, RDX=0x000000010e32b6cc
RSP=0x00007000049df6e0, RBP=0x00007000049df700, RSI=0x00007ff6b0b0bab0, RDI=0x00007ff6b00691f8
R8 =0x00007ff6ae438f40, R9 =0x000000000005b6c2, R10=0x00000001110e9928, R11=0x0000000107cc57fb
R12=0x0000000000000000, R13=0x000000010a44cd50, R14=0x00007ff6b00691f8, R15=0x00007ff6b0069000
RIP=0x000000010e30ad67, EFLAGS=0x0000000000010202, ERR=0x0000000000000004
  TRAPNO=0x000000000000000e

Top of Stack: (sp=0x00007000049df6e0)
0x00007000049df6e0:   00007ff6b0b0bab0 0000000000000000
0x00007000049df6f0:   00007ff6af06b610 00007ff6b0069000
0x00007000049df700:   00007000049df780 000000010e32b1aa
0x00007000049df710:   00007000049df760 0000000207ad9d1e
0x00007000049df720:   0000000000000000 00000001b1843e0a
0x00007000049df730:   0000000000000064 00007ff6b0069000
0x00007000049df740:   0000000000000bad 00007ff6af06b620
0x00007000049df750:   00007ff600069000 00007ff6b00691f8
0x00007000049df760:   000000010a44cd50 0000000000000000
0x00007000049df770:   00007000049df830 00007ff6b0069000
0x00007000049df780:   00007000049df7f8 00000001110e9954
0x00007000049df790:   000000010a17fba8 0000000000000000
0x00007000049df7a0:   000000010a17e100 0000000000000000
0x00007000049df7b0:   00007000049df7d0 00007000049df7b8
0x00007000049df7c0:   0000000000000000 00007000049df830
0x00007000049df7d0:   000000010a44dde8 0000000000000000
0x00007000049df7e0:   000000010a44cd50 0000000000000000
0x00007000049df7f0:   00007000049df818 00007000049df878
0x00007000049df800:   00000001110dbc4d 0000000000000000
0x00007000049df810:   00000001110e3578 0000000000000020
0x00007000049df820:   00007ff6af06b600 000000076eb39ad8
0x00007000049df830:   000000076eb39ac0 00007000049df838
0x00007000049df840:   000000010a44cdfd 00007000049df890
0x00007000049df850:   000000010a44dde8 0000000000000000
0x00007000049df860:   000000010a44ce20 00007000049df818
0x00007000049df870:   00007000049df890 00007000049df8d8
0x00007000049df880:   00000001110dbc4d 0000000000000020
0x00007000049df890:   000000076eb39ac0 00007000049df898
0x00007000049df8a0:   000000010a44cfd9 00007000049df8e8
0x00007000049df8b0:   000000010a44dde8 0000000000000000
0x00007000049df8c0:   000000010a44cfe8 00007000049df890
0x00007000049df8d0:   00007000049df8e8 00007000049df940 

Instructions: (pc=0x000000010e30ad67)
0x000000010e30ad47:   c0 e9 82 00 00 00 48 8b 5e 10 48 85 db 75 0e bf
0x000000010e30ad57:   01 00 00 00 48 8d 15 d8 76 03 00 eb d6 49 89 fe
0x000000010e30ad67:   4c 8b 3b 30 c0 e8 5f a3 02 00 49 8b 3f 49 89 c4
0x000000010e30ad77:   48 8b 35 ca f7 05 00 30 c0 e8 5f a4 02 00 48 85 

Register to memory mapping:

RAX=0x00000000ffffffff is an unknown value
RBX=0x0000000000000002 is an unknown value
RCX=0x0000000000000047 is an unknown value
RDX=0x000000010e32b6cc: Java_sun_java2d_opengl_OGLRenderQueue_flushBuffer+0xb5c in /Library/Java/JavaVirtualMachines/jdk1.8.0_51.jdk/Contents/Home/jre/lib/libawt_lwawt.dylib at 0x000000010e2f0000
RSP=0x00007000049df6e0 is pointing into the stack for thread: 0x00007ff6b0069000
RBP=0x00007000049df700 is pointing into the stack for thread: 0x00007ff6b0069000
RSI=0x00007ff6b0b0bab0 is an unknown value
RDI=0x00007ff6b00691f8 is an unknown value
R8 =0x00007ff6ae438f40 is an unknown value
R9 =0x000000000005b6c2 is an unknown value
R10=0x00000001110e9928 is at code_begin+808 in an Interpreter codelet
method entry point (kind = native)  [0x00000001110e9600, 0x00000001110e9f00]  2304 bytes
R11=0x0000000107cc57fb: throw_unsatisfied_link_error+0 in /Library/Java/JavaVirtualMachines/jdk1.8.0_51.jdk/Contents/Home/jre/lib/server/libjvm.dylib at 0x0000000107800000
R12=0x0000000000000000 is an unknown value
R13={method} {0x000000010a44cd50} 'flushBuffer' '(JI)V' in 'sun/java2d/opengl/OGLRenderQueue'
R14=0x00007ff6b00691f8 is an unknown value
R15=0x00007ff6b0069000 is a thread


Stack: [0x00007000048e0000,0x00007000049e0000],  sp=0x00007000049df6e0,  free space=1021k
Native frames: (J=compiled Java code, j=interpreted, Vv=VM code, C=native code)
C  [libawt_lwawt.dylib+0x1ad67]  OGLSD_SetScratchSurface+0x49
C  [libawt_lwawt.dylib+0x3b1aa]  Java_sun_java2d_opengl_OGLRenderQueue_flushBuffer+0x63a
j  sun.java2d.opengl.OGLRenderQueue.flushBuffer(JI)V+0
j  sun.java2d.opengl.OGLRenderQueue.flushBuffer()V+21
j  sun.java2d.opengl.OGLRenderQueue.access$100(Lsun/java2d/opengl/OGLRenderQueue;)V+1
j  sun.java2d.opengl.OGLRenderQueue$QueueFlusher.run()V+81
v  ~StubRoutines::call_stub
V  [libjvm.dylib+0x2e01e2]
V  [libjvm.dylib+0x2e0970]
V  [libjvm.dylib+0x2e0b1c]
V  [libjvm.dylib+0x33305d]
V  [libjvm.dylib+0x549a6f]
V  [libjvm.dylib+0x54b160]
V  [libjvm.dylib+0x46e99e]
C  [libsystem_pthread.dylib+0x393b]  _pthread_body+0xb4
C  [libsystem_pthread.dylib+0x3887]  _pthread_body+0x0
C  [libsystem_pthread.dylib+0x308d]  thread_start+0xd
C  0x0000000000000000

Java frames: (J=compiled Java code, j=interpreted, Vv=VM code)
j  sun.java2d.opengl.OGLRenderQueue.flushBuffer(JI)V+0
j  sun.java2d.opengl.OGLRenderQueue.flushBuffer()V+21
j  sun.java2d.opengl.OGLRenderQueue.access$100(Lsun/java2d/opengl/OGLRenderQueue;)V+1
j  sun.java2d.opengl.OGLRenderQueue$QueueFlusher.run()V+81
v  ~StubRoutines::call_stub

---------------  P R O C E S S  ---------------

Java Threads: ( => current thread )
  0x00007ff6af038000 JavaThread "TimerQueue" daemon [_thread_blocked, id=4879, stack(0x00007000046d4000,0x00007000047d4000)]
  0x00007ff6aeae5000 JavaThread "DestroyJavaVM" [_thread_blocked, id=7171, stack(0x000070000308f000,0x000070000318f000)]
  0x00007ff6b00da000 JavaThread "AWT-EventQueue-0" [_thread_blocked, id=61955, stack(0x0000700004ae6000,0x0000700004be6000)]
  0x00007ff6b18a8800 JavaThread "Java2D Disposer" daemon [_thread_blocked, id=60943, stack(0x00007000049e3000,0x0000700004ae3000)]
=>0x00007ff6b0069000 JavaThread "Java2D Queue Flusher" daemon [_thread_in_native, id=58887, stack(0x00007000048e0000,0x00007000049e0000)]
  0x00007ff6b102d000 JavaThread "AWT-Shutdown" [_thread_blocked, id=32543, stack(0x000070000454e000,0x000070000464e000)]
  0x00007ff6b2017000 JavaThread "AppKit Thread" daemon [_thread_in_native, id=775, stack(0x00007fff58e47000,0x00007fff59647000)]
  0x00007ff6b1863000 JavaThread "Monitor Ctrl-Break" daemon [_thread_in_native, id=22275, stack(0x00007000043c8000,0x00007000044c8000)]
  0x00007ff6b0010000 JavaThread "Service Thread" daemon [_thread_blocked, id=21251, stack(0x00007000041c2000,0x00007000042c2000)]
  0x00007ff6b2006000 JavaThread "C1 CompilerThread3" daemon [_thread_blocked, id=20739, stack(0x00007000040bf000,0x00007000041bf000)]
  0x00007ff6ae800800 JavaThread "C2 CompilerThread2" daemon [_thread_blocked, id=20227, stack(0x0000700003fbc000,0x00007000040bc000)]
  0x00007ff6b0005800 JavaThread "C2 CompilerThread1" daemon [_thread_blocked, id=19715, stack(0x0000700003eb9000,0x0000700003fb9000)]
  0x00007ff6b2803000 JavaThread "C2 CompilerThread0" daemon [_thread_blocked, id=19203, stack(0x0000700003db6000,0x0000700003eb6000)]
  0x00007ff6b2802000 JavaThread "Signal Dispatcher" daemon [_thread_blocked, id=18691, stack(0x0000700003cb3000,0x0000700003db3000)]
  0x00007ff6af80e000 JavaThread "Finalizer" daemon [_thread_blocked, id=14595, stack(0x0000700003bb0000,0x0000700003cb0000)]
  0x00007ff6af80d000 JavaThread "Reference Handler" daemon [_thread_blocked, id=14083, stack(0x0000700003aad000,0x0000700003bad000)]

Other Threads:
  0x00007ff6b183f800 VMThread [stack: 0x00007000039aa000,0x0000700003aaa000] [id=13571]
  0x00007ff6b0019000 WatcherThread [stack: 0x00007000042c5000,0x00007000043c5000] [id=21763]

VM state:not at safepoint (normal execution)

VM Mutex/Monitor currently owned by a thread: None

Heap:
 PSYoungGen      total 76288K, used 17717K [0x000000076ab00000, 0x0000000770000000, 0x00000007c0000000)
  eden space 65536K, 13% used [0x000000076ab00000,0x000000076b3b3fa8,0x000000076eb00000)
  from space 10752K, 81% used [0x000000076eb00000,0x000000076f3996f0,0x000000076f580000)
  to   space 10752K, 0% used [0x000000076f580000,0x000000076f580000,0x0000000770000000)
 ParOldGen       total 175104K, used 16K [0x00000006c0000000, 0x00000006cab00000, 0x000000076ab00000)
  object space 175104K, 0% used [0x00000006c0000000,0x00000006c0004000,0x00000006cab00000)
 Metaspace       used 11106K, capacity 11370K, committed 11520K, reserved 1058816K
  class space    used 1388K, capacity 1480K, committed 1536K, reserved 1048576K

Card table byte_map: [0x0000000108b29000,0x000000010932a000] byte_map_base: 0x0000000105529000

Marking Bits: (ParMarkBitMap*) 0x00000001080c27a0
 Begin Bits: [0x00000001200d4000, 0x00000001240d4000)
 End Bits:   [0x00000001240d4000, 0x00000001280d4000)

Polling page: 0x0000000106679000

CodeCache: size=245760Kb used=2401Kb max_used=2401Kb free=243358Kb
 bounds [0x00000001110d4000, 0x0000000111344000, 0x00000001200d4000]
 total_blobs=1157 nmethods=649 adapters=422
 compilation: enabled

Compilation events (10 events):
Event: 2957.611 Thread 0x00007ff6b2006000  645       3       java.lang.ref.Reference::access$100 (4 bytes)
Event: 2957.611 Thread 0x00007ff6b2006000 nmethod 645 0x000000011132abd0 code [0x000000011132ad20, 0x000000011132ae70]
Event: 2957.611 Thread 0x00007ff6b2006000  646   !   3       java.lang.ref.ReferenceQueue::enqueue (119 bytes)
Event: 2957.612 Thread 0x00007ff6b2006000 nmethod 646 0x000000011132aed0 code [0x000000011132b080, 0x000000011132b808]
Event: 2957.612 Thread 0x00007ff6b2006000  647       3       java.lang.ref.ReferenceQueue::reallyPoll (66 bytes)
Event: 2957.612 Thread 0x00007ff6b2006000 nmethod 647 0x000000011132ba10 code [0x000000011132bba0, 0x000000011132c030]
Event: 2957.612 Thread 0x00007ff6b2006000  648       3       java.lang.ref.ReferenceQueue::remove (6 bytes)
Event: 2957.613 Thread 0x00007ff6b2006000 nmethod 648 0x000000011132c110 code [0x000000011132c280, 0x000000011132c488]
Event: 2957.632 Thread 0x00007ff6b2006000  649       3       java.lang.ref.Reference::clear (6 bytes)
Event: 2957.632 Thread 0x00007ff6b2006000 nmethod 649 0x000000011132c510 code [0x000000011132c660, 0x000000011132c7d0]

GC Heap History (2 events):
Event: 2957.429 GC heap before
{Heap before GC invocations=1 (full 0):
 PSYoungGen      total 76288K, used 61100K [0x000000076ab00000, 0x0000000770000000, 0x00000007c0000000)
  eden space 65536K, 93% used [0x000000076ab00000,0x000000076e6ab220,0x000000076eb00000)
  from space 10752K, 0% used [0x000000076f580000,0x000000076f580000,0x0000000770000000)
  to   space 10752K, 0% used [0x000000076eb00000,0x000000076eb00000,0x000000076f580000)
 ParOldGen       total 175104K, used 0K [0x00000006c0000000, 0x00000006cab00000, 0x000000076ab00000)
  object space 175104K, 0% used [0x00000006c0000000,0x00000006c0000000,0x00000006cab00000)
 Metaspace       used 11103K, capacity 11370K, committed 11520K, reserved 1058816K
  class space    used 1388K, capacity 1480K, committed 1536K, reserved 1048576K
Event: 2957.607 GC heap after
Heap after GC invocations=1 (full 0):
 PSYoungGen      total 76288K, used 8805K [0x000000076ab00000, 0x0000000770000000, 0x00000007c0000000)
  eden space 65536K, 0% used [0x000000076ab00000,0x000000076ab00000,0x000000076eb00000)
  from space 10752K, 81% used [0x000000076eb00000,0x000000076f3996f0,0x000000076f580000)
  to   space 10752K, 0% used [0x000000076f580000,0x000000076f580000,0x0000000770000000)
 ParOldGen       total 175104K, used 16K [0x00000006c0000000, 0x00000006cab00000, 0x000000076ab00000)
  object space 175104K, 0% used [0x00000006c0000000,0x00000006c0004000,0x00000006cab00000)
 Metaspace       used 11103K, capacity 11370K, committed 11520K, reserved 1058816K
  class space    used 1388K, capacity 1480K, committed 1536K, reserved 1048576K
}

Deoptimization events (5 events):
Event: 0.828 Thread 0x00007ff6af003800 Uncommon trap: reason=class_check action=maybe_recompile pc=0x0000000111253dd8 method=java.lang.String.equals(Ljava/lang/Object;)Z @ 8
Event: 0.830 Thread 0x00007ff6af003800 Uncommon trap: reason=class_check action=maybe_recompile pc=0x0000000111253dd8 method=java.lang.String.equals(Ljava/lang/Object;)Z @ 8
Event: 0.830 Thread 0x00007ff6af003800 Uncommon trap: reason=class_check action=maybe_recompile pc=0x0000000111253dd8 method=java.lang.String.equals(Ljava/lang/Object;)Z @ 8
Event: 0.831 Thread 0x00007ff6af003800 Uncommon trap: reason=class_check action=maybe_recompile pc=0x0000000111253dd8 method=java.lang.String.equals(Ljava/lang/Object;)Z @ 8
Event: 2930.556 Thread 0x00007ff6b00da000 Uncommon trap: reason=unstable_if action=reinterpret pc=0x0000000111313c78 method=java.util.concurrent.locks.ReentrantLock$Sync.nonfairTryAcquire(I)Z @ 10

Internal exceptions (10 events):
Event: 0.037 Thread 0x00007ff6af003800 Exception <a 'java/lang/NoSuchMethodError': Method sun.misc.Unsafe.prefetchRead(Ljava/lang/Object;J)V name or signature does not match> (0x000000076ab12d10) thrown at [/Users/java_re/workspace/8-2-build-macosx-x86_64/jdk8u51/3951/hotspot/src/share/vm/prim
Event: 0.117 Thread 0x00007ff6af003800 Exception <a 'java/security/PrivilegedActionException'> (0x000000076ac0c928) thrown at [/Users/java_re/workspace/8-2-build-macosx-x86_64/jdk8u51/3951/hotspot/src/share/vm/prims/jvm.cpp, line 1382]
Event: 0.117 Thread 0x00007ff6af003800 Exception <a 'java/security/PrivilegedActionException'> (0x000000076ac0cae0) thrown at [/Users/java_re/workspace/8-2-build-macosx-x86_64/jdk8u51/3951/hotspot/src/share/vm/prims/jvm.cpp, line 1382]
Event: 0.117 Thread 0x00007ff6af003800 Exception <a 'java/security/PrivilegedActionException'> (0x000000076ac0fe60) thrown at [/Users/java_re/workspace/8-2-build-macosx-x86_64/jdk8u51/3951/hotspot/src/share/vm/prims/jvm.cpp, line 1382]
Event: 0.117 Thread 0x00007ff6af003800 Exception <a 'java/security/PrivilegedActionException'> (0x000000076ac10018) thrown at [/Users/java_re/workspace/8-2-build-macosx-x86_64/jdk8u51/3951/hotspot/src/share/vm/prims/jvm.cpp, line 1382]
Event: 0.370 Thread 0x00007ff6af003800 Exception <a 'java/io/FileNotFoundException'> (0x000000076ac13fd0) thrown at [/Users/java_re/workspace/8-2-build-macosx-x86_64/jdk8u51/3951/hotspot/src/share/vm/prims/jni.cpp, line 709]
Event: 0.370 Thread 0x00007ff6af003800 Exception <a 'java/io/FileNotFoundException'> (0x000000076ac14b10) thrown at [/Users/java_re/workspace/8-2-build-macosx-x86_64/jdk8u51/3951/hotspot/src/share/vm/prims/jni.cpp, line 709]
Event: 0.486 Thread 0x00007ff6af003800 Exception <a 'java/lang/NoSuchFieldError': method resolution failed> (0x000000076b2175c8) thrown at [/Users/java_re/workspace/8-2-build-macosx-x86_64/jdk8u51/3951/hotspot/src/share/vm/prims/methodHandles.cpp, line 1125]
Event: 0.490 Thread 0x00007ff6af003800 Exception <a 'java/lang/NoSuchFieldError': method resolution failed> (0x000000076b226008) thrown at [/Users/java_re/workspace/8-2-build-macosx-x86_64/jdk8u51/3951/hotspot/src/share/vm/prims/methodHandles.cpp, line 1125]
Event: 2957.611 Thread 0x00007ff6af80e000 Exception <a 'java/lang/NullPointerException'> (0x000000076b14b668) thrown at [/Users/java_re/workspace/8-2-build-macosx-x86_64/jdk8u51/3951/hotspot/src/share/vm/interpreter/linkResolver.cpp, line 1178]

Events (10 events):
Event: 2930.544 loading class javax/swing/RepaintManager$DisplayChangedRunnable done
Event: 2930.555 Thread 0x00007ff6b00da000 Uncommon trap: trap_request=0xffffff65 fr.pc=0x0000000111313c78
Event: 2930.556 Thread 0x00007ff6b00da000 DEOPT PACKING pc=0x0000000111313c78 sp=0x0000700004be3040
Event: 2930.556 Thread 0x00007ff6b00da000 DEOPT UNPACKING pc=0x00000001110d9229 sp=0x0000700004be2ff0 mode 2
Event: 2930.782 loading class sun/awt/image/BufferedImageDevice
Event: 2930.782 loading class sun/awt/image/BufferedImageDevice done
Event: 2930.785 loading class sun/java2d/loops/Blit$GeneralMaskBlit
Event: 2930.786 loading class sun/java2d/loops/Blit$GeneralMaskBlit done
Event: 2957.427 Executing VM operation: ParallelGCFailedAllocation
Event: 2957.607 Executing VM operation: ParallelGCFailedAllocation done


Dynamic libraries:
0x000000002c25e000 	/System/Library/Frameworks/Cocoa.framework/Versions/A/Cocoa
0x000000002c25e000 	/System/Library/Frameworks/Security.framework/Versions/A/Security
0x000000002c25e000 	/System/Library/Frameworks/ApplicationServices.framework/Versions/A/ApplicationServices
0x000000002c25e000 	/usr/lib/libz.1.dylib
0x000000002c25e000 	/usr/lib/libSystem.B.dylib
0x000000002c25e000 	/usr/lib/libobjc.A.dylib
0x000000002c25e000 	/System/Library/Frameworks/CoreFoundation.framework/Versions/A/CoreFoundation
0x000000002c25e000 	/System/Library/Frameworks/Foundation.framework/Versions/C/Foundation
0x000000002c25e000 	/System/Library/Frameworks/AppKit.framework/Versions/C/AppKit
0x000000002c25e000 	/System/Library/Frameworks/CoreData.framework/Versions/A/CoreData
0x000000002c25e000 	/System/Library/PrivateFrameworks/RemoteViewServices.framework/Versions/A/RemoteViewServices
0x000000002c25e000 	/System/Library/PrivateFrameworks/UIFoundation.framework/Versions/A/UIFoundation
0x000000002c25e000 	/System/Library/PrivateFrameworks/DFRFoundation.framework/Versions/A/DFRFoundation
0x000000002c25e000 	/usr/lib/libenergytrace.dylib
0x000000002c25e000 	/System/Library/PrivateFrameworks/SkyLight.framework/Versions/A/SkyLight
0x000000002c25e000 	/System/Library/Frameworks/CoreGraphics.framework/Versions/A/CoreGraphics
0x000000002c25e000 	/usr/lib/libScreenReader.dylib
0x000000002c25e000 	/System/Library/Frameworks/Accelerate.framework/Versions/A/Accelerate
0x000000002c25e000 	/System/Library/Frameworks/IOSurface.framework/Versions/A/IOSurface
0x000000002c25e000 	/System/Library/Frameworks/AudioToolbox.framework/Versions/A/AudioToolbox
0x000000002c25e000 	/System/Library/Frameworks/AudioUnit.framework/Versions/A/AudioUnit
0x000000002c25e000 	/System/Library/PrivateFrameworks/DataDetectorsCore.framework/Versions/A/DataDetectorsCore
0x000000002c25e000 	/System/Library/PrivateFrameworks/DesktopServicesPriv.framework/Versions/A/DesktopServicesPriv
0x000000002c25e000 	/System/Library/Frameworks/Carbon.framework/Versions/A/Frameworks/HIToolbox.framework/Versions/A/HIToolbox
0x000000002c25e000 	/usr/lib/libicucore.A.dylib
0x000000002c25e000 	/System/Library/Frameworks/QuartzCore.framework/Versions/A/QuartzCore
0x000000002c25e000 	/System/Library/Frameworks/Carbon.framework/Versions/A/Frameworks/SpeechRecognition.framework/Versions/A/SpeechRecognition
0x000000002c25e000 	/usr/lib/libauto.dylib
0x000000002c25e000 	/usr/lib/libxml2.2.dylib
0x000000002c25e000 	/System/Library/PrivateFrameworks/CoreUI.framework/Versions/A/CoreUI
0x000000002c25e000 	/System/Library/Frameworks/CoreAudio.framework/Versions/A/CoreAudio
0x000000002c25e000 	/System/Library/Frameworks/DiskArbitration.framework/Versions/A/DiskArbitration
0x000000002c25e000 	/usr/lib/liblangid.dylib
0x000000002c25e000 	/System/Library/PrivateFrameworks/MultitouchSupport.framework/Versions/A/MultitouchSupport
0x000000002c25e000 	/System/Library/Frameworks/IOKit.framework/Versions/A/IOKit
0x000000002c25e000 	/usr/lib/libDiagnosticMessagesClient.dylib
0x000000002c25e000 	/System/Library/Frameworks/CoreServices.framework/Versions/A/CoreServices
0x000000002c25e000 	/System/Library/PrivateFrameworks/PerformanceAnalysis.framework/Versions/A/PerformanceAnalysis
0x000000002c25e000 	/System/Library/PrivateFrameworks/GenerationalStorage.framework/Versions/A/GenerationalStorage
0x000000002c25e000 	/System/Library/Frameworks/OpenGL.framework/Versions/A/OpenGL
0x000000002c25e000 	/System/Library/Frameworks/CoreImage.framework/Versions/A/CoreImage
0x000000002c25e000 	/System/Library/Frameworks/CoreText.framework/Versions/A/CoreText
0x000000002c25e000 	/System/Library/Frameworks/ImageIO.framework/Versions/A/ImageIO
0x000000002c25e000 	/System/Library/PrivateFrameworks/Backup.framework/Versions/A/Backup
0x000000002c25e000 	/usr/lib/libarchive.2.dylib
0x000000002c25e000 	/System/Library/Frameworks/CFNetwork.framework/Versions/A/CFNetwork
0x000000002c25e000 	/System/Library/Frameworks/SystemConfiguration.framework/Versions/A/SystemConfiguration
0x000000002c25e000 	/usr/lib/libCRFSuite.dylib
0x000000002c25e000 	/usr/lib/libc++.1.dylib
0x000000002c25e000 	/usr/lib/libc++abi.dylib
0x000000002c25e000 	/usr/lib/system/libcache.dylib
0x000000002c25e000 	/usr/lib/system/libcommonCrypto.dylib
0x000000002c25e000 	/usr/lib/system/libcompiler_rt.dylib
0x000000002c25e000 	/usr/lib/system/libcopyfile.dylib
0x000000002c25e000 	/usr/lib/system/libcorecrypto.dylib
0x000000002c25e000 	/usr/lib/system/libdispatch.dylib
0x000000002c25e000 	/usr/lib/system/libdyld.dylib
0x000000002c25e000 	/usr/lib/system/libkeymgr.dylib
0x000000002c25e000 	/usr/lib/system/liblaunch.dylib
0x000000002c25e000 	/usr/lib/system/libmacho.dylib
0x000000002c25e000 	/usr/lib/system/libquarantine.dylib
0x000000002c25e000 	/usr/lib/system/libremovefile.dylib
0x000000002c25e000 	/usr/lib/system/libsystem_asl.dylib
0x000000002c25e000 	/usr/lib/system/libsystem_blocks.dylib
0x000000002c25e000 	/usr/lib/system/libsystem_c.dylib
0x000000002c25e000 	/usr/lib/system/libsystem_configuration.dylib
0x000000002c25e000 	/usr/lib/system/libsystem_coreservices.dylib
0x000000002c25e000 	/usr/lib/system/libsystem_coretls.dylib
0x000000002c25e000 	/usr/lib/system/libsystem_dnssd.dylib
0x000000002c25e000 	/usr/lib/system/libsystem_info.dylib
0x000000002c25e000 	/usr/lib/system/libsystem_kernel.dylib
0x000000002c25e000 	/usr/lib/system/libsystem_m.dylib
0x000000002c25e000 	/usr/lib/system/libsystem_malloc.dylib
0x000000002c25e000 	/usr/lib/system/libsystem_network.dylib
0x000000002c25e000 	/usr/lib/system/libsystem_networkextension.dylib
0x000000002c25e000 	/usr/lib/system/libsystem_notify.dylib
0x000000002c25e000 	/usr/lib/system/libsystem_platform.dylib
0x000000002c25e000 	/usr/lib/system/libsystem_pthread.dylib
0x000000002c25e000 	/usr/lib/system/libsystem_sandbox.dylib
0x000000002c25e000 	/usr/lib/system/libsystem_secinit.dylib
0x000000002c25e000 	/usr/lib/system/libsystem_symptoms.dylib
0x000000002c25e000 	/usr/lib/system/libsystem_trace.dylib
0x000000002c25e000 	/usr/lib/system/libunwind.dylib
0x000000002c25e000 	/usr/lib/system/libxpc.dylib
0x000000002c25e000 	/usr/lib/libbsm.0.dylib
0x000000002c25e000 	/usr/lib/system/libkxld.dylib
0x000000002c25e000 	/usr/lib/libcoretls.dylib
0x000000002c25e000 	/usr/lib/libcoretls_cfhelpers.dylib
0x000000002c25e000 	/usr/lib/libOpenScriptingUtil.dylib
0x000000002c25e000 	/usr/lib/libpam.2.dylib
0x000000002c25e000 	/usr/lib/libsqlite3.dylib
0x000000002c25e000 	/usr/lib/libxar.1.dylib
0x000000002c25e000 	/usr/lib/libbz2.1.0.dylib
0x000000002c25e000 	/usr/lib/liblzma.5.dylib
0x000000002c25e000 	/usr/lib/libnetwork.dylib
0x000000002c25e000 	/usr/lib/libpcap.A.dylib
0x000000002c25e000 	/System/Library/Frameworks/CoreServices.framework/Versions/A/Frameworks/FSEvents.framework/Versions/A/FSEvents
0x000000002c25e000 	/System/Library/Frameworks/CoreServices.framework/Versions/A/Frameworks/CarbonCore.framework/Versions/A/CarbonCore
0x000000002c25e000 	/System/Library/Frameworks/CoreServices.framework/Versions/A/Frameworks/Metadata.framework/Versions/A/Metadata
0x000000002c25e000 	/System/Library/Frameworks/CoreServices.framework/Versions/A/Frameworks/OSServices.framework/Versions/A/OSServices
0x000000002c25e000 	/System/Library/Frameworks/CoreServices.framework/Versions/A/Frameworks/SearchKit.framework/Versions/A/SearchKit
0x000000002c25e000 	/System/Library/Frameworks/CoreServices.framework/Versions/A/Frameworks/AE.framework/Versions/A/AE
0x000000002c25e000 	/System/Library/Frameworks/CoreServices.framework/Versions/A/Frameworks/LaunchServices.framework/Versions/A/LaunchServices
0x000000002c25e000 	/System/Library/Frameworks/CoreServices.framework/Versions/A/Frameworks/DictionaryServices.framework/Versions/A/DictionaryServices
0x000000002c25e000 	/System/Library/Frameworks/CoreServices.framework/Versions/A/Frameworks/SharedFileList.framework/Versions/A/SharedFileList
0x000000002c25e000 	/System/Library/Frameworks/NetFS.framework/Versions/A/NetFS
0x000000002c25e000 	/System/Library/PrivateFrameworks/NetAuth.framework/Versions/A/NetAuth
0x000000002c25e000 	/System/Library/PrivateFrameworks/login.framework/Versions/A/Frameworks/loginsupport.framework/Versions/A/loginsupport
0x000000002c25e000 	/System/Library/PrivateFrameworks/TCC.framework/Versions/A/TCC
0x000000002c25e000 	/usr/lib/libmecabra.dylib
0x000000002c25e000 	/System/Library/Frameworks/ApplicationServices.framework/Versions/A/Frameworks/ATS.framework/Versions/A/ATS
0x000000002c25e000 	/System/Library/Frameworks/ApplicationServices.framework/Versions/A/Frameworks/ColorSync.framework/Versions/A/ColorSync
0x000000002c25e000 	/System/Library/Frameworks/ApplicationServices.framework/Versions/A/Frameworks/HIServices.framework/Versions/A/HIServices
0x000000002c25e000 	/System/Library/Frameworks/ApplicationServices.framework/Versions/A/Frameworks/LangAnalysis.framework/Versions/A/LangAnalysis
0x000000002c25e000 	/System/Library/Frameworks/ApplicationServices.framework/Versions/A/Frameworks/PrintCore.framework/Versions/A/PrintCore
0x000000002c25e000 	/System/Library/Frameworks/ApplicationServices.framework/Versions/A/Frameworks/QD.framework/Versions/A/QD
0x000000002c25e000 	/System/Library/Frameworks/ApplicationServices.framework/Versions/A/Frameworks/SpeechSynthesis.framework/Versions/A/SpeechSynthesis
0x000000002c25e000 	/System/Library/Frameworks/Accelerate.framework/Versions/A/Frameworks/vImage.framework/Versions/A/vImage
0x000000002c25e000 	/System/Library/Frameworks/Accelerate.framework/Versions/A/Frameworks/vecLib.framework/Versions/A/vecLib
0x000000002c25e000 	/System/Library/Frameworks/Accelerate.framework/Versions/A/Frameworks/vecLib.framework/Versions/A/libvDSP.dylib
0x000000002c25e000 	/System/Library/Frameworks/Accelerate.framework/Versions/A/Frameworks/vecLib.framework/Versions/A/libBNNS.dylib
0x000000002c25e000 	/System/Library/Frameworks/Accelerate.framework/Versions/A/Frameworks/vecLib.framework/Versions/A/libQuadrature.dylib
0x000000002c25e000 	/System/Library/Frameworks/Accelerate.framework/Versions/A/Frameworks/vecLib.framework/Versions/A/libvMisc.dylib
0x000000002c25e000 	/System/Library/Frameworks/Accelerate.framework/Versions/A/Frameworks/vecLib.framework/Versions/A/libLAPACK.dylib
0x000000002c25e000 	/System/Library/Frameworks/Accelerate.framework/Versions/A/Frameworks/vecLib.framework/Versions/A/libBLAS.dylib
0x000000002c25e000 	/System/Library/Frameworks/Accelerate.framework/Versions/A/Frameworks/vecLib.framework/Versions/A/libLinearAlgebra.dylib
0x000000002c25e000 	/System/Library/Frameworks/Accelerate.framework/Versions/A/Frameworks/vecLib.framework/Versions/A/libSparseBLAS.dylib
0x000000002c25e000 	/System/Library/Frameworks/ApplicationServices.framework/Versions/A/Frameworks/ATS.framework/Versions/A/Resources/libFontParser.dylib
0x000000002c25e000 	/System/Library/Frameworks/ApplicationServices.framework/Versions/A/Frameworks/ATS.framework/Versions/A/Resources/libFontRegistry.dylib
0x000000002c25e000 	/System/Library/Frameworks/ImageIO.framework/Versions/A/Resources/libJPEG.dylib
0x000000002c25e000 	/System/Library/Frameworks/ImageIO.framework/Versions/A/Resources/libTIFF.dylib
0x000000002c25e000 	/System/Library/Frameworks/ImageIO.framework/Versions/A/Resources/libPng.dylib
0x000000002c25e000 	/System/Library/Frameworks/ImageIO.framework/Versions/A/Resources/libGIF.dylib
0x000000002c25e000 	/System/Library/Frameworks/ImageIO.framework/Versions/A/Resources/libJP2.dylib
0x000000002c25e000 	/System/Library/Frameworks/ImageIO.framework/Versions/A/Resources/libRadiance.dylib
0x000000002c25e000 	/usr/lib/libcompression.dylib
0x000000002c25e000 	/System/Library/PrivateFrameworks/AppleJPEG.framework/Versions/A/AppleJPEG
0x000000002c25e000 	/usr/lib/libcups.2.dylib
0x000000002c25e000 	/System/Library/Frameworks/Kerberos.framework/Versions/A/Kerberos
0x000000002c25e000 	/System/Library/Frameworks/GSS.framework/Versions/A/GSS
0x000000002c25e000 	/usr/lib/libresolv.9.dylib
0x000000002c25e000 	/usr/lib/libiconv.2.dylib
0x000000002c25e000 	/System/Library/PrivateFrameworks/Heimdal.framework/Versions/A/Heimdal
0x000000002c25e000 	/usr/lib/libheimdal-asn1.dylib
0x000000002c25e000 	/System/Library/Frameworks/OpenDirectory.framework/Versions/A/OpenDirectory
0x000000002c25e000 	/System/Library/PrivateFrameworks/CommonAuth.framework/Versions/A/CommonAuth
0x000000002c25e000 	/System/Library/Frameworks/OpenDirectory.framework/Versions/A/Frameworks/CFOpenDirectory.framework/Versions/A/CFOpenDirectory
0x000000002c25e000 	/System/Library/Frameworks/SecurityFoundation.framework/Versions/A/SecurityFoundation
0x000000002c25e000 	/System/Library/PrivateFrameworks/LanguageModeling.framework/Versions/A/LanguageModeling
0x000000002c25e000 	/usr/lib/libmarisa.dylib
0x000000002c25e000 	/usr/lib/libChineseTokenizer.dylib
0x000000002c25e000 	/usr/lib/libcmph.dylib
0x000000002c25e000 	/System/Library/PrivateFrameworks/CoreEmoji.framework/Versions/A/CoreEmoji
0x000000002c25e000 	/System/Library/Frameworks/ServiceManagement.framework/Versions/A/ServiceManagement
0x000000002c25e000 	/usr/lib/libxslt.1.dylib
0x000000002c25e000 	/System/Library/Frameworks/Carbon.framework/Versions/A/Frameworks/Ink.framework/Versions/A/Ink
0x000000002c25e000 	/System/Library/PrivateFrameworks/TextureIO.framework/Versions/A/TextureIO
0x000000002c25e000 	/System/Library/Frameworks/Metal.framework/Versions/A/Metal
0x000000002c25e000 	/usr/lib/libate.dylib
0x000000002c25e000 	/System/Library/PrivateFrameworks/GPUCompiler.framework/libmetal_timestamp.dylib
0x000000002c25e000 	/System/Library/Frameworks/OpenGL.framework/Versions/A/Libraries/libCoreFSCache.dylib
0x000000002c25e000 	/System/Library/PrivateFrameworks/IOAccelerator.framework/Versions/A/IOAccelerator
0x000000002c25e000 	/System/Library/Frameworks/CoreVideo.framework/Versions/A/CoreVideo
0x000000002c25e000 	/usr/lib/libFosl_dynamic.dylib
0x000000002c25e000 	/System/Library/PrivateFrameworks/MetalPerformanceShaders.framework/Versions/A/MetalPerformanceShaders
0x000000002c25e000 	/System/Library/PrivateFrameworks/FaceCore.framework/Versions/A/FaceCore
0x000000002c25e000 	/System/Library/Frameworks/OpenCL.framework/Versions/A/OpenCL
0x000000002c25e000 	/System/Library/Frameworks/OpenGL.framework/Versions/A/Libraries/libGLU.dylib
0x000000002c25e000 	/System/Library/Frameworks/OpenGL.framework/Versions/A/Libraries/libGFXShared.dylib
0x000000002c25e000 	/System/Library/Frameworks/OpenGL.framework/Versions/A/Libraries/libGL.dylib
0x000000002c25e000 	/System/Library/Frameworks/OpenGL.framework/Versions/A/Libraries/libGLImage.dylib
0x000000002c25e000 	/System/Library/Frameworks/OpenGL.framework/Versions/A/Libraries/libCVMSPluginSupport.dylib
0x000000002c25e000 	/System/Library/Frameworks/OpenGL.framework/Versions/A/Libraries/libCoreVMClient.dylib
0x000000002c25e000 	/System/Library/PrivateFrameworks/CrashReporterSupport.framework/Versions/A/CrashReporterSupport
0x000000002c25e000 	/System/Library/PrivateFrameworks/Sharing.framework/Versions/A/Sharing
0x000000002c25e000 	/System/Library/PrivateFrameworks/IconServices.framework/Versions/A/IconServices
0x000000002c25e000 	/System/Library/PrivateFrameworks/ProtocolBuffer.framework/Versions/A/ProtocolBuffer
0x000000002c25e000 	/System/Library/PrivateFrameworks/Apple80211.framework/Versions/A/Apple80211
0x000000002c25e000 	/System/Library/Frameworks/CoreWLAN.framework/Versions/A/CoreWLAN
0x000000002c25e000 	/System/Library/PrivateFrameworks/CoreUtils.framework/Versions/A/CoreUtils
0x000000002c25e000 	/System/Library/Frameworks/IOBluetooth.framework/Versions/A/IOBluetooth
0x000000002c25e000 	/System/Library/PrivateFrameworks/CoreWiFi.framework/Versions/A/CoreWiFi
0x000000002c25e000 	/System/Library/Frameworks/CoreBluetooth.framework/Versions/A/CoreBluetooth
0x000000002c25e000 	/System/Library/Frameworks/CoreDisplay.framework/Versions/A/CoreDisplay
0x000000002c25e000 	/System/Library/PrivateFrameworks/IOPresentment.framework/Versions/A/IOPresentment
0x000000002c25e000 	/System/Library/PrivateFrameworks/DSExternalDisplay.framework/Versions/A/DSExternalDisplay
0x000000002c25e000 	/System/Library/PrivateFrameworks/DebugSymbols.framework/Versions/A/DebugSymbols
0x000000002c25e000 	/System/Library/PrivateFrameworks/CoreSymbolication.framework/Versions/A/CoreSymbolication
0x000000002c25e000 	/System/Library/PrivateFrameworks/Symbolication.framework/Versions/A/Symbolication
0x000000002c25e000 	/System/Library/PrivateFrameworks/AppleFSCompression.framework/Versions/A/AppleFSCompression
0x000000002c25e000 	/System/Library/PrivateFrameworks/SpeechRecognitionCore.framework/Versions/A/SpeechRecognitionCore
0x000000002c25e000 	/System/Library/PrivateFrameworks/ChunkingLibrary.framework/Versions/A/ChunkingLibrary
0x0000000107800000 	/Library/Java/JavaVirtualMachines/jdk1.8.0_51.jdk/Contents/Home/jre/lib/server/libjvm.dylib
0x000000002c25e000 	/usr/lib/libstdc++.6.dylib
0x0000000106636000 	/Library/Java/JavaVirtualMachines/jdk1.8.0_51.jdk/Contents/Home/jre/lib/libverify.dylib
0x0000000106644000 	/Library/Java/JavaVirtualMachines/jdk1.8.0_51.jdk/Contents/Home/jre/lib/libjava.dylib
0x0000000106683000 	/Library/Java/JavaVirtualMachines/jdk1.8.0_51.jdk/Contents/Home/jre/lib/libzip.dylib
0x000000010c6b6000 	/System/Library/Frameworks/JavaVM.framework/Frameworks/JavaRuntimeSupport.framework/JavaRuntimeSupport
0x000000010c6d0000 	/System/Library/Frameworks/JavaVM.framework/Versions/A/Frameworks/JavaNativeFoundation.framework/Versions/A/JavaNativeFoundation
0x000000010c6e5000 	/System/Library/Frameworks/JavaVM.framework/Versions/A/JavaVM
0x000000002c25e000 	/System/Library/Frameworks/Carbon.framework/Versions/A/Carbon
0x000000010c6f2000 	/System/Library/PrivateFrameworks/JavaLaunching.framework/Versions/A/JavaLaunching
0x000000002c25e000 	/System/Library/Frameworks/Carbon.framework/Versions/A/Frameworks/CommonPanels.framework/Versions/A/CommonPanels
0x000000002c25e000 	/System/Library/Frameworks/Carbon.framework/Versions/A/Frameworks/Help.framework/Versions/A/Help
0x000000002c25e000 	/System/Library/Frameworks/Carbon.framework/Versions/A/Frameworks/ImageCapture.framework/Versions/A/ImageCapture
0x000000002c25e000 	/System/Library/Frameworks/Carbon.framework/Versions/A/Frameworks/OpenScripting.framework/Versions/A/OpenScripting
0x000000002c25e000 	/System/Library/Frameworks/Carbon.framework/Versions/A/Frameworks/Print.framework/Versions/A/Print
0x000000002c25e000 	/System/Library/Frameworks/Carbon.framework/Versions/A/Frameworks/SecurityHI.framework/Versions/A/SecurityHI
0x000000010e11a000 	/Applications/IntelliJ IDEA.app/Contents/bin/libbreakgen64.jnilib
0x000000010e11d000 	/Library/Java/JavaVirtualMachines/jdk1.8.0_51.jdk/Contents/Home/jre/lib/libnet.dylib
0x000000010e17c000 	/Library/Java/JavaVirtualMachines/jdk1.8.0_51.jdk/Contents/Home/jre/lib/libawt.dylib
0x000000010e224000 	/Library/Java/JavaVirtualMachines/jdk1.8.0_51.jdk/Contents/Home/jre/lib/./libmlib_image.dylib
0x000000010e2f0000 	/Library/Java/JavaVirtualMachines/jdk1.8.0_51.jdk/Contents/Home/jre/lib/libawt_lwawt.dylib
0x000000010e3a4000 	/Library/Java/JavaVirtualMachines/jdk1.8.0_51.jdk/Contents/Home/jre/lib/./libosxapp.dylib
0x000000002c25e000 	/System/Library/Frameworks/ExceptionHandling.framework/Versions/A/ExceptionHandling
0x000000002c25e000 	/System/Library/PrivateFrameworks/CoreServicesInternal.framework/Versions/A/CoreServicesInternal
0x000000002c25e000 	/System/Library/CoreServices/RawCamera.bundle/Contents/MacOS/RawCamera
0x000000002c25e000 	/System/Library/Frameworks/Accelerate.framework/Versions/A/Frameworks/vImage.framework/Versions/A/Libraries/libCGInterfaces.dylib
0x000000002c25e000 	/System/Library/Frameworks/ApplicationServices.framework/Versions/A/Frameworks/ATS.framework/Versions/A/Resources/libTrueTypeScaler.dylib
0x000000011048d000 	/System/Library/Frameworks/OpenGL.framework/Resources/GLEngine.bundle/GLEngine
0x000000002c25e000 	/System/Library/Frameworks/OpenGL.framework/Versions/A/Libraries/libGLProgrammability.dylib
0x0000000110672000 	/System/Library/Extensions/AppleIntelHD5000GraphicsGLDriver.bundle/Contents/MacOS/AppleIntelHD5000GraphicsGLDriver
0x000000002c25e000 	/System/Library/PrivateFrameworks/GPUSupport.framework/Versions/A/Libraries/libGPUSupportMercury.dylib
0x0000000110de0000 	/System/Library/Frameworks/OpenGL.framework/Resources//GLRendererFloat.bundle/GLRendererFloat
0x000000002c25e000 	/System/Library/Frameworks/OpenCL.framework/Versions/A/Libraries/libcldcpuengine.dylib
0x000000002c25e000 	/usr/lib/libcrypto.0.9.8.dylib
0x000000002c25e000 	/System/Library/PrivateFrameworks/TrustEvaluationAgent.framework/Versions/A/TrustEvaluationAgent
0x0000000110e14000 	/System/Library/Extensions/AppleIntelHD5000GraphicsMTLDriver.bundle/Contents/MacOS/AppleIntelHD5000GraphicsMTLDriver
0x000000002c25e000 	/System/Library/PrivateFrameworks/FamilyControls.framework/Versions/A/FamilyControls
0x000000002c25e000 	/System/Library/PrivateFrameworks/CommerceKit.framework/Versions/A/Frameworks/CommerceCore.framework/Versions/A/CommerceCore
0x000000002c25e000 	/System/Library/PrivateFrameworks/SystemAdministration.framework/Versions/A/SystemAdministration
0x000000002c25e000 	/System/Library/PrivateFrameworks/AppContainer.framework/Versions/A/AppContainer
0x000000002c25e000 	/System/Library/PrivateFrameworks/SecCodeWrapper.framework/Versions/A/SecCodeWrapper
0x000000002c25e000 	/System/Library/Frameworks/DirectoryService.framework/Versions/A/DirectoryService
0x000000002c25e000 	/System/Library/PrivateFrameworks/DiskImages.framework/Versions/A/DiskImages
0x000000002c25e000 	/System/Library/PrivateFrameworks/LoginUIKit.framework/Versions/A/Frameworks/LoginUICore.framework/Versions/A/LoginUICore
0x000000002c25e000 	/usr/lib/libCoreStorage.dylib
0x000000002c25e000 	/usr/lib/libcsfde.dylib
0x000000002c25e000 	/usr/lib/libodfde.dylib
0x000000002c25e000 	/System/Library/Frameworks/DiscRecording.framework/Versions/A/DiscRecording
0x000000002c25e000 	/usr/lib/libcurl.4.dylib
0x000000002c25e000 	/System/Library/PrivateFrameworks/MediaKit.framework/Versions/A/MediaKit
0x000000002c25e000 	/System/Library/PrivateFrameworks/ProtectedCloudStorage.framework/Versions/A/ProtectedCloudStorage
0x000000002c25e000 	/System/Library/PrivateFrameworks/EFILogin.framework/Versions/A/EFILogin
0x000000002c25e000 	/usr/lib/libutil.dylib
0x000000002c25e000 	/System/Library/Frameworks/LDAP.framework/Versions/A/LDAP
0x000000002c25e000 	/usr/lib/libsasl2.2.dylib
0x000000002c25e000 	/System/Library/PrivateFrameworks/CoreDaemon.framework/Versions/B/CoreDaemon
0x000000002c25e000 	/System/Library/PrivateFrameworks/AppleSRP.framework/Versions/A/AppleSRP
0x000000002c25e000 	/System/Library/PrivateFrameworks/APFS.framework/Versions/A/APFS
0x0000000129b67000 	/Library/Java/JavaVirtualMachines/jdk1.8.0_51.jdk/Contents/Home/jre/lib/libfontmanager.dylib
0x0000000111040000 	/Library/Java/JavaVirtualMachines/jdk1.8.0_51.jdk/Contents/Home/jre/lib/libosxui.dylib
0x000000012b915000 	/Library/Java/JavaVirtualMachines/jdk1.8.0_51.jdk/Contents/Home/jre/lib/libnio.dylib

VM Arguments:
jvm_args: -Didea.launcher.port=7532 -Didea.launcher.bin.path=/Applications/IntelliJ IDEA.app/Contents/bin -Dfile.encoding=UTF-8 
java_command: com.intellij.rt.execution.application.AppMain com.course.netec.Main
java_class_path (initial): /Library/Java/JavaVirtualMachines/jdk1.8.0_51.jdk/Contents/Home/jre/lib/charsets.jar:/Library/Java/JavaVirtualMachines/jdk1.8.0_51.jdk/Contents/Home/jre/lib/deploy.jar:/Library/Java/JavaVirtualMachines/jdk1.8.0_51.jdk/Contents/Home/jre/lib/ext/cldrdata.jar:/Library/Java/JavaVirtualMachines/jdk1.8.0_51.jdk/Contents/Home/jre/lib/ext/dnsns.jar:/Library/Java/JavaVirtualMachines/jdk1.8.0_51.jdk/Contents/Home/jre/lib/ext/jfxrt.jar:/Library/Java/JavaVirtualMachines/jdk1.8.0_51.jdk/Contents/Home/jre/lib/ext/localedata.jar:/Library/Java/JavaVirtualMachines/jdk1.8.0_51.jdk/Contents/Home/jre/lib/ext/nashorn.jar:/Library/Java/JavaVirtualMachines/jdk1.8.0_51.jdk/Contents/Home/jre/lib/ext/sunec.jar:/Library/Java/JavaVirtualMachines/jdk1.8.0_51.jdk/Contents/Home/jre/lib/ext/sunjce_provider.jar:/Library/Java/JavaVirtualMachines/jdk1.8.0_51.jdk/Contents/Home/jre/lib/ext/sunpkcs11.jar:/Library/Java/JavaVirtualMachines/jdk1.8.0_51.jdk/Contents/Home/jre/lib/ext/zipfs.jar:/Library/Java/JavaVirtualMachines/jdk1.8.0_51.jdk/Contents/Home/jre/lib/javaws.jar:/Library/Java/JavaVirtualMachines/jdk1.8.0_51.jdk/Contents/Home/jre/lib/jce.jar:/Library/Java/JavaVirtualMachines/jdk1.8.0_51.jdk/Contents/Home/jre/lib/jfr.jar:/Library/Java/JavaVirtualMachines/jdk1.8.0_51.jdk/Contents/Home/jre/lib/jfxswt.jar:/Library/Java/JavaVirtualMachines/jdk1.8.0_51.jdk/Contents/Home/jre/lib/jsse.jar:/Library/Java/JavaVirtualMachines/jdk1.8.0_51.jdk/Contents/Home/jre/lib/management-agent.jar:/Library/Java/JavaVirtualMachines/jdk1.8.0_51.jdk/Contents/Home/jre/lib/plugin.jar:/Library/Java/JavaVirtualMachines/jdk1.8.0_51.jdk/Contents/Home/jre/lib/resources.jar:/Library/Java/JavaVirtualMachines/jdk1.8.0_51.jdk/Contents/Home/jre/lib/rt.jar:/Library/Java/JavaVirtualMachines/jdk1.8.0_51.jdk/Contents/Home/lib/ant-javafx.jar:/Library/Java/JavaVirtualMachines/jdk1.8.0_51.jdk/Contents/Home/lib/dt.jar:/Library/Java/JavaVirtualMachines/jdk1.8.0_51.jdk/Contents/Home/lib/javafx-mx.jar:/Library/Java/Jav
Launcher Type: SUN_STANDARD

Environment Variables:
PATH=/Users/jhgonzalez/.fastlane/bin:/Users/jhgonzalez/.nvm/versions/node/v4.6.2/bin:/Users/jhgonzalez/.sdkman/candidates/groovy/current/bin:/Users/jhgonzalez/.sdkman/candidates/grails/current/bin:/usr/local/bin:/usr/bin:/bin:/usr/sbin:/sbin:/usr/local/go/bin:/Library/Frameworks/Mono.framework/Versions/Current/Commands:/Users/jhgonzalez/Desktop/iCloudDesktop/MyApp/ME/go-work/bin:/usr/local/opt/go/libexec/bin
SHELL=/bin/zsh

Signal Handlers:
SIGSEGV: [libjvm.dylib+0x58ef35], sa_mask[0]=11111111011111110111111111111111, sa_flags=SA_ONSTACK|SA_RESTART|SA_SIGINFO
SIGBUS: [libjvm.dylib+0x58ef35], sa_mask[0]=11111111011111110111111111111111, sa_flags=SA_RESTART|SA_SIGINFO
SIGFPE: [libjvm.dylib+0x46c028], sa_mask[0]=11111111011111110111111111111111, sa_flags=SA_RESTART|SA_SIGINFO
SIGPIPE: [libjvm.dylib+0x46c028], sa_mask[0]=11111111011111110111111111111111, sa_flags=SA_RESTART|SA_SIGINFO
SIGXFSZ: [libjvm.dylib+0x46c028], sa_mask[0]=11111111011111110111111111111111, sa_flags=SA_RESTART|SA_SIGINFO
SIGILL: [libjvm.dylib+0x46c028], sa_mask[0]=11111111011111110111111111111111, sa_flags=SA_RESTART|SA_SIGINFO
SIGUSR1: SIG_DFL, sa_mask[0]=00000000000000000000000000000000, sa_flags=none
SIGUSR2: [libjvm.dylib+0x46bb46], sa_mask[0]=00100000000000000000000000000000, sa_flags=SA_RESTART|SA_SIGINFO
SIGHUP: [libjvm.dylib+0x46a119], sa_mask[0]=11111111011111110111111111111111, sa_flags=SA_RESTART|SA_SIGINFO
SIGINT: [libjvm.dylib+0x46a119], sa_mask[0]=11111111011111110111111111111111, sa_flags=SA_RESTART|SA_SIGINFO
SIGTERM: [libjvm.dylib+0x46a119], sa_mask[0]=11111111011111110111111111111111, sa_flags=SA_RESTART|SA_SIGINFO
SIGQUIT: [libjvm.dylib+0x46a119], sa_mask[0]=11111111011111110111111111111111, sa_flags=SA_RESTART|SA_SIGINFO


---------------  S Y S T E M  ---------------

OS:Bsduname:Darwin 16.6.0 Darwin Kernel Version 16.6.0: Fri Apr 14 16:21:16 PDT 2017; root:xnu-3789.60.24~6/RELEASE_X86_64 x86_64
rlimit: STACK 8192k, CORE 0k, NPROC 709, NOFILE 10240, AS infinity
load average:4.66 3.26 2.60

CPU:total 8 (4 cores per cpu, 2 threads per core) family 6 model 70 stepping 1, cmov, cx8, fxsr, mmx, sse, sse2, sse3, ssse3, sse4.1, sse4.2, popcnt, avx, avx2, aes, clmul, erms, lzcnt, ht, tsc, tscinvbit, bmi1, bmi2

Memory: 4k page, physical 16777216k(12924k free)

/proc/meminfo:


vm_info: Java HotSpot(TM) 64-Bit Server VM (25.51-b03) for bsd-amd64 JRE (1.8.0_51-b16), built on Jun  8 2015 18:01:11 by "java_re" with gcc 4.2.1 (Based on Apple Inc. build 5658) (LLVM build 2336.11.00)

time: Sat Jul 29 21:22:03 2017
elapsed time: 2957 seconds (0d 0h 49m 17s)

